2025-07-28T12:17:23.860957Z  INFO tailwindcss_oxide::scanner: Provided sources:
2025-07-28T12:17:23.860989Z  INFO tailwindcss_oxide::scanner: Source: PublicSourceEntry { base: "/home/kagla/next-app", pattern: "**/*", negated: false }
2025-07-28T12:17:23.861015Z  INFO tailwindcss_oxide::scanner: Optimized sources:
2025-07-28T12:17:23.861019Z  INFO tailwindcss_oxide::scanner: Source: Auto { base: "/home/kagla/next-app" }
2025-07-28T12:17:23.861904Z  INFO scan_sources: tailwindcss_oxide::scanner: enter
2025-07-28T12:17:23.862205Z  INFO scan_sources: tailwindcss_oxide::scanner: Discovering "/home/kagla/next-app/src"
2025-07-28T12:17:23.862253Z  INFO scan_sources: tailwindcss_oxide::scanner: Discovering "/home/kagla/next-app/src/app"
2025-07-28T12:17:23.862305Z  INFO scan_sources: tailwindcss_oxide::scanner: Discovering "/home/kagla/next-app/src/app/page.tsx"
2025-07-28T12:17:23.862326Z  INFO scan_sources: tailwindcss_oxide::scanner: Discovering "/home/kagla/next-app/src/app/api"
2025-07-28T12:17:23.862360Z  INFO scan_sources: tailwindcss_oxide::scanner: Discovering "/home/kagla/next-app/src/app/api/check-nickname"
2025-07-28T12:17:23.862391Z  INFO scan_sources: tailwindcss_oxide::scanner: Discovering "/home/kagla/next-app/src/app/api/check-nickname/route.ts"
2025-07-28T12:17:23.862413Z  INFO scan_sources: tailwindcss_oxide::scanner: Discovering "/home/kagla/next-app/src/app/api/check-email"
2025-07-28T12:17:23.862437Z  INFO scan_sources: tailwindcss_oxide::scanner: Discovering "/home/kagla/next-app/src/app/api/check-email/route.ts"
2025-07-28T12:17:23.862459Z  INFO scan_sources: tailwindcss_oxide::scanner: Discovering "/home/kagla/next-app/src/app/signup"
2025-07-28T12:17:23.862483Z  INFO scan_sources: tailwindcss_oxide::scanner: Discovering "/home/kagla/next-app/src/app/signup/page.tsx"
2025-07-28T12:17:23.862509Z  INFO scan_sources: tailwindcss_oxide::scanner: Discovering "/home/kagla/next-app/src/app/globals.css"
2025-07-28T12:17:23.862525Z  INFO scan_sources: tailwindcss_oxide::scanner: Discovering "/home/kagla/next-app/src/app/layout.tsx"
2025-07-28T12:17:23.862542Z  INFO scan_sources: tailwindcss_oxide::scanner: Discovering "/home/kagla/next-app/src/app/login"
2025-07-28T12:17:23.862566Z  INFO scan_sources: tailwindcss_oxide::scanner: Discovering "/home/kagla/next-app/src/app/login/page.tsx"
2025-07-28T12:17:23.862587Z  INFO scan_sources: tailwindcss_oxide::scanner: Discovering "/home/kagla/next-app/src/components"
2025-07-28T12:17:23.862614Z  INFO scan_sources: tailwindcss_oxide::scanner: Discovering "/home/kagla/next-app/src/components/ui"
2025-07-28T12:17:23.862642Z  INFO scan_sources: tailwindcss_oxide::scanner: Discovering "/home/kagla/next-app/src/components/ui/button.tsx"
2025-07-28T12:17:23.862658Z  INFO scan_sources: tailwindcss_oxide::scanner: Discovering "/home/kagla/next-app/src/components/ui/badge.tsx"
2025-07-28T12:17:23.862671Z  INFO scan_sources: tailwindcss_oxide::scanner: Discovering "/home/kagla/next-app/src/components/ui/card.tsx"
2025-07-28T12:17:23.862685Z  INFO scan_sources: tailwindcss_oxide::scanner: Discovering "/home/kagla/next-app/src/components/ui/input.tsx"
2025-07-28T12:17:23.862698Z  INFO scan_sources: tailwindcss_oxide::scanner: Discovering "/home/kagla/next-app/src/components/ui/avatar.tsx"
2025-07-28T12:17:23.862710Z  INFO scan_sources: tailwindcss_oxide::scanner: Discovering "/home/kagla/next-app/src/components/ui/separator.tsx"
2025-07-28T12:17:23.862731Z  INFO scan_sources: tailwindcss_oxide::scanner: Discovering "/home/kagla/next-app/src/lib"
2025-07-28T12:17:23.862754Z  INFO scan_sources: tailwindcss_oxide::scanner: Discovering "/home/kagla/next-app/src/lib/prisma.ts"
2025-07-28T12:17:23.862769Z  INFO scan_sources: tailwindcss_oxide::scanner: Discovering "/home/kagla/next-app/src/lib/utils.ts"
2025-07-28T12:17:23.862817Z  INFO scan_sources: tailwindcss_oxide::scanner: Discovering "/home/kagla/next-app/package.json"
2025-07-28T12:17:23.862844Z  INFO scan_sources: tailwindcss_oxide::scanner: Discovering "/home/kagla/next-app/next.config.ts"
2025-07-28T12:17:23.862876Z  INFO scan_sources: tailwindcss_oxide::scanner: Discovering "/home/kagla/next-app/README.md"
2025-07-28T12:17:23.862898Z  INFO scan_sources: tailwindcss_oxide::scanner: Discovering "/home/kagla/next-app/components.json"
2025-07-28T12:17:23.862911Z  INFO scan_sources: tailwindcss_oxide::scanner: Discovering "/home/kagla/next-app/tsconfig.json"
2025-07-28T12:17:23.862936Z  INFO scan_sources: tailwindcss_oxide::scanner: Discovering "/home/kagla/next-app/prisma"
2025-07-28T12:17:23.862964Z  INFO scan_sources: tailwindcss_oxide::scanner: Discovering "/home/kagla/next-app/prisma/schema.prisma:910"
2025-07-28T12:17:23.862976Z  INFO scan_sources: tailwindcss_oxide::scanner: Discovering "/home/kagla/next-app/prisma/schema.prisma:199"
2025-07-28T12:17:23.862989Z  INFO scan_sources: tailwindcss_oxide::scanner: Discovering "/home/kagla/next-app/prisma/schema.prisma"
2025-07-28T12:17:23.863008Z  INFO scan_sources: tailwindcss_oxide::scanner: Discovering "/home/kagla/next-app/public"
2025-07-28T12:17:23.863037Z  INFO scan_sources: tailwindcss_oxide::scanner: Discovering "/home/kagla/next-app/public/vercel.svg"
2025-07-28T12:17:23.863053Z  INFO scan_sources: tailwindcss_oxide::scanner: Discovering "/home/kagla/next-app/public/globe.svg"
2025-07-28T12:17:23.863070Z  INFO scan_sources: tailwindcss_oxide::scanner: Discovering "/home/kagla/next-app/public/next.svg"
2025-07-28T12:17:23.863082Z  INFO scan_sources: tailwindcss_oxide::scanner: Discovering "/home/kagla/next-app/public/file.svg"
2025-07-28T12:17:23.863096Z  INFO scan_sources: tailwindcss_oxide::scanner: Discovering "/home/kagla/next-app/public/window.svg"
2025-07-28T12:17:23.863116Z  INFO scan_sources: tailwindcss_oxide::scanner: Discovering "/home/kagla/next-app/eslint.config.mjs"
2025-07-28T12:17:23.863163Z  INFO scan_sources: tailwindcss_oxide::scanner: Discovering "/home/kagla/next-app/postcss.config.mjs"
2025-07-28T12:17:23.863205Z  INFO scan_sources: tailwindcss_oxide::scanner: exit
2025-07-28T12:17:23.863213Z  INFO extract_candidates: tailwindcss_oxide::scanner: enter
2025-07-28T12:17:23.863223Z  INFO extract_candidates:read_all_files: tailwindcss_oxide::scanner: enter
2025-07-28T12:17:23.863227Z  INFO extract_candidates:read_all_files: tailwindcss_oxide::scanner: Reading 29 file(s)
2025-07-28T12:17:23.863676Z  INFO tailwindcss_oxide::scanner: Reading "/home/kagla/next-app/package.json"
2025-07-28T12:17:23.863690Z  INFO tailwindcss_oxide::scanner: Reading "/home/kagla/next-app/prisma/schema.prisma:910"
2025-07-28T12:17:23.863696Z  INFO tailwindcss_oxide::scanner: Reading "/home/kagla/next-app/next.config.ts"
2025-07-28T12:17:23.863696Z  INFO tailwindcss_oxide::scanner: Reading "/home/kagla/next-app/src/app/signup/page.tsx"
2025-07-28T12:17:23.863705Z  INFO tailwindcss_oxide::scanner: Reading "/home/kagla/next-app/src/app/api/check-email/route.ts"
2025-07-28T12:17:23.863692Z  INFO tailwindcss_oxide::scanner: Reading "/home/kagla/next-app/src/components/ui/badge.tsx"
2025-07-28T12:17:23.863714Z  INFO tailwindcss_oxide::scanner: Reading "/home/kagla/next-app/src/app/layout.tsx"
2025-07-28T12:17:23.863719Z  INFO tailwindcss_oxide::scanner: Reading "/home/kagla/next-app/src/components/ui/avatar.tsx"
2025-07-28T12:17:23.863699Z  INFO tailwindcss_oxide::scanner: Reading "/home/kagla/next-app/public/file.svg"
2025-07-28T12:17:23.863728Z  INFO tailwindcss_oxide::scanner: Reading "/home/kagla/next-app/eslint.config.mjs"
2025-07-28T12:17:23.863730Z  INFO tailwindcss_oxide::scanner: Reading "/home/kagla/next-app/public/window.svg"
2025-07-28T12:17:23.863734Z  INFO tailwindcss_oxide::scanner: Reading "/home/kagla/next-app/src/app/login/page.tsx"
2025-07-28T12:17:23.863692Z  INFO tailwindcss_oxide::scanner: Reading "/home/kagla/next-app/components.json"
2025-07-28T12:17:23.863745Z  INFO tailwindcss_oxide::scanner: Reading "/home/kagla/next-app/postcss.config.mjs"
2025-07-28T12:17:23.863702Z  INFO tailwindcss_oxide::scanner: Reading "/home/kagla/next-app/tsconfig.json"
2025-07-28T12:17:23.863753Z  INFO tailwindcss_oxide::scanner: Reading "/home/kagla/next-app/src/lib/prisma.ts"
2025-07-28T12:17:23.863711Z  INFO tailwindcss_oxide::scanner: Reading "/home/kagla/next-app/prisma/schema.prisma:199"
2025-07-28T12:17:23.863692Z  INFO tailwindcss_oxide::scanner: Reading "/home/kagla/next-app/src/app/api/check-nickname/route.ts"
2025-07-28T12:17:23.863694Z  INFO tailwindcss_oxide::scanner: Reading "/home/kagla/next-app/public/globe.svg"
2025-07-28T12:17:23.863711Z  INFO tailwindcss_oxide::scanner: Reading "/home/kagla/next-app/prisma/schema.prisma"
2025-07-28T12:17:23.863722Z  INFO tailwindcss_oxide::scanner: Reading "/home/kagla/next-app/src/components/ui/button.tsx"
2025-07-28T12:17:23.863722Z  INFO tailwindcss_oxide::scanner: Reading "/home/kagla/next-app/README.md"
2025-07-28T12:17:23.863727Z  INFO tailwindcss_oxide::scanner: Reading "/home/kagla/next-app/src/components/ui/card.tsx"
2025-07-28T12:17:23.863703Z  INFO tailwindcss_oxide::scanner: Reading "/home/kagla/next-app/public/vercel.svg"
2025-07-28T12:17:23.863733Z  INFO tailwindcss_oxide::scanner: Reading "/home/kagla/next-app/src/components/ui/separator.tsx"
2025-07-28T12:17:23.863677Z  INFO tailwindcss_oxide::scanner: Reading "/home/kagla/next-app/src/app/page.tsx"
2025-07-28T12:17:23.863742Z  INFO tailwindcss_oxide::scanner: Reading "/home/kagla/next-app/public/next.svg"
2025-07-28T12:17:23.863744Z  INFO tailwindcss_oxide::scanner: Reading "/home/kagla/next-app/src/components/ui/input.tsx"
2025-07-28T12:17:23.863757Z  INFO tailwindcss_oxide::scanner: Reading "/home/kagla/next-app/src/lib/utils.ts"
2025-07-28T12:17:23.863884Z  INFO extract_candidates:read_all_files: tailwindcss_oxide::scanner: exit
2025-07-28T12:17:23.863891Z  INFO extract_candidates:parse_all_blobs: tailwindcss_oxide::scanner: enter
2025-07-28T12:17:23.863895Z  INFO extract_candidates:parse_all_blobs:extract: tailwindcss_oxide::scanner: enter
2025-07-28T12:17:23.864448Z  INFO extract_candidates:parse_all_blobs:extract: tailwindcss_oxide::scanner: exit
2025-07-28T12:17:23.864460Z  INFO extract_candidates:parse_all_blobs: tailwindcss_oxide::scanner: exit
2025-07-28T12:17:23.864467Z  INFO extract_candidates:read_all_files: tailwindcss_oxide::scanner: enter
2025-07-28T12:17:23.864470Z  INFO extract_candidates:read_all_files: tailwindcss_oxide::scanner: Reading 1 file(s)
2025-07-28T12:17:23.864485Z  INFO extract_candidates:read_all_files: tailwindcss_oxide::scanner: Reading "/home/kagla/next-app/src/app/globals.css"
2025-07-28T12:17:23.864491Z  INFO extract_candidates:read_all_files: tailwindcss_oxide::scanner: exit
2025-07-28T12:17:23.864496Z  INFO extract_candidates:extract_css_variables: tailwindcss_oxide::scanner: enter
2025-07-28T12:17:23.864500Z  INFO extract_candidates:extract_css_variables:extract: tailwindcss_oxide::scanner: enter
2025-07-28T12:17:23.864592Z  INFO extract_candidates:extract_css_variables:extract: tailwindcss_oxide::scanner: exit
2025-07-28T12:17:23.864601Z  INFO extract_candidates:extract_css_variables: tailwindcss_oxide::scanner: exit
2025-07-28T12:17:23.864955Z  INFO extract_candidates: tailwindcss_oxide::scanner: exit
2025-07-28T12:17:23.865326Z  INFO get_files: tailwindcss_oxide::scanner: enter
2025-07-28T12:17:23.865336Z  INFO get_files:scan_sources: tailwindcss_oxide::scanner: enter
2025-07-28T12:17:23.865605Z  INFO get_files:scan_sources: tailwindcss_oxide::scanner: Discovering "/home/kagla/next-app/src"
2025-07-28T12:17:23.865636Z  INFO get_files:scan_sources: tailwindcss_oxide::scanner: Discovering "/home/kagla/next-app/src/app"
2025-07-28T12:17:23.865677Z  INFO get_files:scan_sources: tailwindcss_oxide::scanner: Discovering "/home/kagla/next-app/src/app/api"
2025-07-28T12:17:23.865698Z  INFO get_files:scan_sources: tailwindcss_oxide::scanner: Discovering "/home/kagla/next-app/src/app/api/check-nickname"
2025-07-28T12:17:23.865725Z  INFO get_files:scan_sources: tailwindcss_oxide::scanner: Discovering "/home/kagla/next-app/src/app/api/check-email"
2025-07-28T12:17:23.865750Z  INFO get_files:scan_sources: tailwindcss_oxide::scanner: Discovering "/home/kagla/next-app/src/app/signup"
2025-07-28T12:17:23.865786Z  INFO get_files:scan_sources: tailwindcss_oxide::scanner: Discovering "/home/kagla/next-app/src/app/login"
2025-07-28T12:17:23.865814Z  INFO get_files:scan_sources: tailwindcss_oxide::scanner: Discovering "/home/kagla/next-app/src/components"
2025-07-28T12:17:23.865830Z  INFO get_files:scan_sources: tailwindcss_oxide::scanner: Discovering "/home/kagla/next-app/src/components/ui"
2025-07-28T12:17:23.865872Z  INFO get_files:scan_sources: tailwindcss_oxide::scanner: Discovering "/home/kagla/next-app/src/lib"
2025-07-28T12:17:23.865956Z  INFO get_files:scan_sources: tailwindcss_oxide::scanner: Discovering "/home/kagla/next-app/prisma"
2025-07-28T12:17:23.865986Z  INFO get_files:scan_sources: tailwindcss_oxide::scanner: Discovering "/home/kagla/next-app/public"
2025-07-28T12:17:23.866077Z  INFO get_files:scan_sources: tailwindcss_oxide::scanner: exit
2025-07-28T12:17:23.866137Z  INFO get_files: tailwindcss_oxide::scanner: exit
2025-07-28T12:17:23.866223Z  INFO get_globs: tailwindcss_oxide::scanner: enter
2025-07-28T12:17:23.866228Z  INFO get_globs:scan_sources: tailwindcss_oxide::scanner: enter
2025-07-28T12:17:23.866482Z  INFO get_globs:scan_sources: tailwindcss_oxide::scanner: Discovering "/home/kagla/next-app/src"
2025-07-28T12:17:23.866517Z  INFO get_globs:scan_sources: tailwindcss_oxide::scanner: Discovering "/home/kagla/next-app/src/app"
2025-07-28T12:17:23.866571Z  INFO get_globs:scan_sources: tailwindcss_oxide::scanner: Discovering "/home/kagla/next-app/src/app/api"
2025-07-28T12:17:23.866603Z  INFO get_globs:scan_sources: tailwindcss_oxide::scanner: Discovering "/home/kagla/next-app/src/app/api/check-nickname"
2025-07-28T12:17:23.866633Z  INFO get_globs:scan_sources: tailwindcss_oxide::scanner: Discovering "/home/kagla/next-app/src/app/api/check-email"
2025-07-28T12:17:23.866657Z  INFO get_globs:scan_sources: tailwindcss_oxide::scanner: Discovering "/home/kagla/next-app/src/app/signup"
2025-07-28T12:17:23.866692Z  INFO get_globs:scan_sources: tailwindcss_oxide::scanner: Discovering "/home/kagla/next-app/src/app/login"
2025-07-28T12:17:23.866715Z  INFO get_globs:scan_sources: tailwindcss_oxide::scanner: Discovering "/home/kagla/next-app/src/components"
2025-07-28T12:17:23.866731Z  INFO get_globs:scan_sources: tailwindcss_oxide::scanner: Discovering "/home/kagla/next-app/src/components/ui"
2025-07-28T12:17:23.866772Z  INFO get_globs:scan_sources: tailwindcss_oxide::scanner: Discovering "/home/kagla/next-app/src/lib"
2025-07-28T12:17:23.866855Z  INFO get_globs:scan_sources: tailwindcss_oxide::scanner: Discovering "/home/kagla/next-app/prisma"
2025-07-28T12:17:23.866884Z  INFO get_globs:scan_sources: tailwindcss_oxide::scanner: Discovering "/home/kagla/next-app/public"
2025-07-28T12:17:23.866967Z  INFO get_globs:scan_sources: tailwindcss_oxide::scanner: exit
2025-07-28T12:17:23.867788Z  INFO get_globs: tailwindcss_oxide::scanner: exit
